This file contains any messages produced by compilers while
running configure, to aid debugging if configure makes a mistake.

It was created by libevent configure 2.1.8-stable, which was
generated by GNU Autoconf 2.69.  Invocation command line was

  $ ./configure --build=i686-pc-linux --host=arm-linux --target=i686-linu

## --------- ##
## Platform. ##
## --------- ##

hostname = liuzhencaideMacBook-Pro.local
uname -m = x86_64
uname -r = 16.5.0
uname -s = Darwin
uname -v = Darwin Kernel Version 16.5.0: Fri Mar  3 16:52:33 PST 2017; root:xnu-3789.51.2~3/RELEASE_X86_64

/usr/bin/uname -p = i386
/bin/uname -X     = unknown

/bin/arch              = unknown
/usr/bin/arch -k       = unknown
/usr/convex/getsysinfo = unknown
/usr/bin/hostinfo      = Mach kernel version:
	 Darwin Kernel Version 16.5.0: Fri Mar  3 16:52:33 PST 2017; root:xnu-3789.51.2~3/RELEASE_X86_64
Kernel configured for up to 4 processors.
2 processors are physically available.
4 processors are logically available.
Processor type: x86_64h (Intel x86-64h Haswell)
Processors active: 0 1 2 3
Primary memory available: 8.00 gigabytes
Default processor set: 300 tasks, 1228 threads, 4 processors
Load average: 2.38, Mach factor: 2.08
/bin/machine           = unknown
/usr/bin/oslevel       = unknown
/bin/universe          = unknown

PATH: /opt/local/bin
PATH: /opt/local/sbin
PATH: /usr/local/bin
PATH: /usr/bin
PATH: /bin
PATH: /usr/sbin
PATH: /sbin
PATH: /opt/local/bin
PATH: /opt/local/sbin
PATH: /Users/liuzhencai/Library/Android/sdk/tools
PATH: /Users/liuzhencai/Library/Android/sdk/platform-tools
PATH: /Users/liuzhencai/bin/Sencha/Cmd/
PATH: /Users/liuzhencai/gcc-arm-none-eabi-5_4/bin/
PATH: /Users/liuzhencai/Library/Android/sdk/tools
PATH: /Users/liuzhencai/Library/Android/sdk/platform-tools
PATH: /Users/liuzhencai/bin/Sencha/Cmd/
PATH: /Users/liuzhencai/gcc-arm-none-eabi-5_4/bin/


## ----------- ##
## Core tests. ##
## ----------- ##

configure:2678: checking for a BSD-compatible install
configure:2746: result: /usr/bin/install -c
configure:2757: checking whether build environment is sane
configure:2812: result: yes
configure:2871: checking for arm-linux-strip
configure:2901: result: no
configure:2911: checking for strip
configure:2927: found /usr/bin/strip
configure:2938: result: strip
configure:2950: WARNING: using cross tools not prefixed with host triplet
configure:2963: checking for a thread-safe mkdir -p
configure:3002: result: ./install-sh -c -d
configure:3009: checking for gawk
configure:3039: result: no
configure:3009: checking for mawk
configure:3039: result: no
configure:3009: checking for nawk
configure:3039: result: no
configure:3009: checking for awk
configure:3025: found /usr/bin/awk
configure:3036: result: awk
configure:3047: checking whether make sets $(MAKE)
configure:3069: result: yes
configure:3098: checking whether make supports nested variables
configure:3115: result: yes
configure:3252: checking whether make supports nested variables
configure:3269: result: yes
configure:3303: checking for style of include used by make
configure:3331: result: GNU
configure:3362: checking for arm-linux-gcc
configure:3392: result: no
configure:3402: checking for gcc
configure:3418: found /usr/bin/gcc
configure:3429: result: gcc
configure:3658: checking for C compiler version
configure:3667: gcc --version >&5
Apple LLVM version 8.1.0 (clang-802.0.42)
Target: x86_64-apple-darwin16.5.0
Thread model: posix
InstalledDir: /Applications/Xcode.app/Contents/Developer/Toolchains/XcodeDefault.xctoolchain/usr/bin
Configured with: --prefix=/Applications/Xcode.app/Contents/Developer/usr --with-gxx-include-dir=/usr/include/c++/4.2.1
configure:3678: $? = 0
configure:3667: gcc -v >&5
Configured with: --prefix=/Applications/Xcode.app/Contents/Developer/usr --with-gxx-include-dir=/usr/include/c++/4.2.1
Apple LLVM version 8.1.0 (clang-802.0.42)
Target: x86_64-apple-darwin16.5.0
Thread model: posix
InstalledDir: /Applications/Xcode.app/Contents/Developer/Toolchains/XcodeDefault.xctoolchain/usr/bin
configure:3678: $? = 0
configure:3667: gcc -V >&5

## ---------------- ##
## Cache variables. ##
## ---------------- ##

ac_cv_env_CC_set=
ac_cv_env_CC_value=
ac_cv_env_CFLAGS_set=
ac_cv_env_CFLAGS_value=
ac_cv_env_CPPFLAGS_set=
ac_cv_env_CPPFLAGS_value=
ac_cv_env_CPP_set=
ac_cv_env_CPP_value=
ac_cv_env_LDFLAGS_set=
ac_cv_env_LDFLAGS_value=
ac_cv_env_LIBS_set=
ac_cv_env_LIBS_value=
ac_cv_env_LT_SYS_LIBRARY_PATH_set=
ac_cv_env_LT_SYS_LIBRARY_PATH_value=
ac_cv_env_build_alias_set=set
ac_cv_env_build_alias_value=i686-pc-linux
ac_cv_env_host_alias_set=set
ac_cv_env_host_alias_value=arm-linux
ac_cv_env_target_alias_set=set
ac_cv_env_target_alias_value=i686-linu
ac_cv_path_install='/usr/bin/install -c'
ac_cv_prog_AWK=awk
ac_cv_prog_ac_ct_CC=gcc
ac_cv_prog_ac_ct_STRIP=strip
ac_cv_prog_make_make_set=yes
am_cv_make_support_nested_variables=yes

## ----------------- ##
## Output variables. ##
## ----------------- ##

ACLOCAL='${SHELL} /Applications/XAMPP/xamppfiles/htdocs/modbustcp/library/libevent/missing aclocal-1.15'
AMDEPBACKSLASH='\'
AMDEP_FALSE='#'
AMDEP_TRUE=''
AMTAR='$${TAR-tar}'
AM_BACKSLASH='\'
AM_DEFAULT_V='$(AM_DEFAULT_VERBOSITY)'
AM_DEFAULT_VERBOSITY='0'
AM_V='$(V)'
AR=''
AUTOCONF='${SHELL} /Applications/XAMPP/xamppfiles/htdocs/modbustcp/library/libevent/missing autoconf'
AUTOHEADER='${SHELL} /Applications/XAMPP/xamppfiles/htdocs/modbustcp/library/libevent/missing autoheader'
AUTOMAKE='${SHELL} /Applications/XAMPP/xamppfiles/htdocs/modbustcp/library/libevent/missing automake-1.15'
AWK='awk'
BUILD_CYGWIN_FALSE=''
BUILD_CYGWIN_TRUE=''
BUILD_REGRESS_FALSE=''
BUILD_REGRESS_TRUE=''
BUILD_SAMPLES_FALSE=''
BUILD_SAMPLES_TRUE=''
BUILD_WIN32_FALSE=''
BUILD_WIN32_TRUE=''
BUILD_WITH_NO_UNDEFINED_FALSE=''
BUILD_WITH_NO_UNDEFINED_TRUE=''
CC='gcc'
CCDEPMODE=''
CFLAGS=''
CPP=''
CPPFLAGS=''
CYGPATH_W='echo'
DEFS=''
DEPDIR='.deps'
DEVPOLL_BACKEND_FALSE=''
DEVPOLL_BACKEND_TRUE=''
DLLTOOL=''
DSYMUTIL=''
DUMPBIN=''
ECHO_C='\c'
ECHO_N=''
ECHO_T=''
EGREP=''
EPOLL_BACKEND_FALSE=''
EPOLL_BACKEND_TRUE=''
EVPORT_BACKEND_FALSE=''
EVPORT_BACKEND_TRUE=''
EV_LIB_GDI=''
EV_LIB_WS32=''
EXEEXT=''
FGREP=''
GREP=''
INSTALL_DATA='${INSTALL} -m 644'
INSTALL_LIBEVENT_FALSE=''
INSTALL_LIBEVENT_TRUE=''
INSTALL_PROGRAM='${INSTALL}'
INSTALL_SCRIPT='${INSTALL}'
INSTALL_STRIP_PROGRAM='$(install_sh) -c -s'
KQUEUE_BACKEND_FALSE=''
KQUEUE_BACKEND_TRUE=''
LD=''
LDFLAGS=''
LIBEVENT_GC_SECTIONS=''
LIBOBJS=''
LIBS=''
LIBTOOL=''
LIBTOOL_DEPS=''
LIPO=''
LN_S=''
LTLIBOBJS=''
LT_SYS_LIBRARY_PATH=''
MAKEINFO='${SHELL} /Applications/XAMPP/xamppfiles/htdocs/modbustcp/library/libevent/missing makeinfo'
MANIFEST_TOOL=''
MKDIR_P='./install-sh -c -d'
NM=''
NMEDIT=''
OBJDUMP=''
OBJEXT=''
OPENSSL_FALSE=''
OPENSSL_INCS=''
OPENSSL_LIBADD=''
OPENSSL_LIBS=''
OPENSSL_TRUE=''
OTOOL64=''
OTOOL=''
PACKAGE='libevent'
PACKAGE_BUGREPORT=''
PACKAGE_NAME='libevent'
PACKAGE_STRING='libevent 2.1.8-stable'
PACKAGE_TARNAME='libevent'
PACKAGE_URL=''
PACKAGE_VERSION='2.1.8-stable'
PATH_SEPARATOR=':'
PKG_CONFIG=''
POLL_BACKEND_FALSE=''
POLL_BACKEND_TRUE=''
PTHREADS_FALSE=''
PTHREADS_TRUE=''
PTHREAD_CC=''
PTHREAD_CFLAGS=''
PTHREAD_LIBS=''
RANLIB=''
SED=''
SELECT_BACKEND_FALSE=''
SELECT_BACKEND_TRUE=''
SET_MAKE=''
SHELL='/bin/sh'
SIGNAL_SUPPORT_FALSE=''
SIGNAL_SUPPORT_TRUE=''
STRIP='strip'
STRLCPY_IMPL_FALSE=''
STRLCPY_IMPL_TRUE=''
THREADS_FALSE=''
THREADS_TRUE=''
VERSION='2.1.8-stable'
ZLIB_LIBS=''
ZLIB_REGRESS_FALSE=''
ZLIB_REGRESS_TRUE=''
ac_ct_AR=''
ac_ct_CC='gcc'
ac_ct_DUMPBIN=''
acx_pthread_config=''
am__EXEEXT_FALSE=''
am__EXEEXT_TRUE=''
am__fastdepCC_FALSE=''
am__fastdepCC_TRUE=''
am__include='include'
am__isrc=''
am__leading_dot='.'
am__nodep='_no'
am__quote=''
am__tar='$${TAR-tar} chof - "$$tardir"'
am__untar='$${TAR-tar} xf -'
bindir='${exec_prefix}/bin'
build='i686-pc-linux'
build_alias='i686-pc-linux'
build_cpu=''
build_os=''
build_vendor=''
datadir='${datarootdir}'
datarootdir='${prefix}/share'
docdir='${datarootdir}/doc/${PACKAGE_TARNAME}'
dvidir='${docdir}'
exec_prefix='NONE'
host='arm-linux'
host_alias='arm-linux'
host_cpu=''
host_os=''
host_vendor=''
htmldir='${docdir}'
includedir='${prefix}/include'
infodir='${datarootdir}/info'
install_sh='${SHELL} /Applications/XAMPP/xamppfiles/htdocs/modbustcp/library/libevent/install-sh'
libdir='${exec_prefix}/lib'
libexecdir='${exec_prefix}/libexec'
localedir='${datarootdir}/locale'
localstatedir='${prefix}/var'
mandir='${datarootdir}/man'
mkdir_p='$(MKDIR_P)'
oldincludedir='/usr/include'
pdfdir='${docdir}'
prefix='/usr/local'
program_transform_name='s,x,x,'
psdir='${docdir}'
sbindir='${exec_prefix}/sbin'
sharedstatedir='${prefix}/com'
sysconfdir='${prefix}/etc'
target_alias='i686-linu'

## ----------- ##
## confdefs.h. ##
## ----------- ##

/* confdefs.h */
#define PACKAGE_NAME "libevent"
#define PACKAGE_TARNAME "libevent"
#define PACKAGE_VERSION "2.1.8-stable"
#define PACKAGE_STRING "libevent 2.1.8-stable"
#define PACKAGE_BUGREPORT ""
#define PACKAGE_URL ""
#define PACKAGE "libevent"
#define VERSION "2.1.8-stable"
#define NUMERIC_VERSION 0x02010800

configure: caught signal 2
configure: exit 1
